This is pdfTeX, Version 3.14159265-2.6-1.40.16 (TeX Live 2015/Debian) (preloaded format=pdflatex 2019.2.4)  18 FEB 2019 11:48
entering extended mode
 restricted \write18 enabled.
 %&-line parsing enabled.
**paper-fig-cp1251.tex
(/home/sfg/Work/TeX/paper-cp1251/paper-fig-cp1251.tex
LaTeX2e <2016/02/01>
Babel <3.9q> and hyphenation patterns for 81 language(s) loaded.
(/usr/share/texlive/texmf-dist/tex/latex/base/article.cls
Document Class: article 2014/09/29 v1.4h Standard LaTeX document class
(/usr/share/texlive/texmf-dist/tex/latex/base/size10.clo
File: size10.clo 2014/09/29 v1.4h Standard LaTeX file (size option)
)
\c@part=\count79
\c@section=\count80
\c@subsection=\count81
\c@subsubsection=\count82
\c@paragraph=\count83
\c@subparagraph=\count84
\c@figure=\count85
\c@table=\count86
\abovecaptionskip=\skip41
\belowcaptionskip=\skip42
\bibindent=\dimen102
)
(/usr/share/texlive/texmf-dist/tex/latex/base/inputenc.sty
Package: inputenc 2015/03/17 v1.2c Input encoding file
\inpenc@prehook=\toks14
\inpenc@posthook=\toks15

(/usr/share/texlive/texmf-dist/tex/latex/cyrillic/cp1251.def
File: cp1251.def 2014/10/28 v1.0d Input encoding file
))
(/usr/share/texlive/texmf-dist/tex/generic/babel/babel.sty
Package: babel 2016/02/24 3.9q The Babel package

(/usr/share/texlive/texmf-dist/tex/generic/babel-english/english.ldf
Language: english 2012/08/20 v3.3p English support from the babel system

(/usr/share/texlive/texmf-dist/tex/generic/babel/babel.def
File: babel.def 2016/02/24 3.9q Babel common definitions
\babel@savecnt=\count87
\U@D=\dimen103
)
\l@canadian = a dialect from \language\l@american 
\l@australian = a dialect from \language\l@british 
\l@newzealand = a dialect from \language\l@british 
)
(/usr/share/texlive/texmf-dist/tex/generic/babel-russian/russianb.ldf
Language: russianb 2016/02/18 1.3h Russian support for the Babel system


Package babel Warning: No Cyrillic font encoding has been loaded so far.
(babel)                A font encoding should be declared before babel.
(babel)                Default `T2A' encoding will be loaded  on input line 69.


(/usr/share/texlive/texmf-dist/tex/latex/cyrillic/t2aenc.def
File: t2aenc.def 2005/09/27 v1.0i Cyrillic encoding definition file
)
Package babel Info: Making " an active character on input line 111.
))
(/usr/share/texlive/texmf-dist/tex/latex/placeins/placeins.sty
Package: placeins 2005/04/18  v 2.2
)
(/usr/share/texlive/texmf-dist/tex/latex/graphics/graphicx.sty
Package: graphicx 2014/10/28 v1.0g Enhanced LaTeX Graphics (DPC,SPQR)

(/usr/share/texlive/texmf-dist/tex/latex/graphics/keyval.sty
Package: keyval 2014/10/28 v1.15 key=value parser (DPC)
\KV@toks@=\toks16
)
(/usr/share/texlive/texmf-dist/tex/latex/graphics/graphics.sty
Package: graphics 2016/01/03 v1.0q Standard LaTeX Graphics (DPC,SPQR)

(/usr/share/texlive/texmf-dist/tex/latex/graphics/trig.sty
Package: trig 2016/01/03 v1.10 sin cos tan (DPC)
)
(/usr/share/texlive/texmf-dist/tex/latex/latexconfig/graphics.cfg
File: graphics.cfg 2010/04/23 v1.9 graphics configuration of TeX Live
)
Package graphics Info: Driver file: pdftex.def on input line 95.

(/usr/share/texlive/texmf-dist/tex/latex/pdftex-def/pdftex.def
File: pdftex.def 2011/05/27 v0.06d Graphics/color for pdfTeX

(/usr/share/texlive/texmf-dist/tex/generic/oberdiek/infwarerr.sty
Package: infwarerr 2010/04/08 v1.3 Providing info/warning/error messages (HO)
)
(/usr/share/texlive/texmf-dist/tex/generic/oberdiek/ltxcmds.sty
Package: ltxcmds 2011/11/09 v1.22 LaTeX kernel commands for general use (HO)
)
\Gread@gobject=\count88
))
\Gin@req@height=\dimen104
\Gin@req@width=\dimen105
)
(/usr/share/texlive/texmf-dist/tex/latex/caption/caption.sty
Package: caption 2016/02/21 v3.3-144 Customizing captions (AR)

(/usr/share/texlive/texmf-dist/tex/latex/caption/caption3.sty
Package: caption3 2016/02/04 v1.7-139 caption3 kernel (AR)
Package caption3 Info: TeX engine: e-TeX on input line 67.
\captionmargin=\dimen106
\captionmargin@=\dimen107
\captionwidth=\dimen108
\caption@tempdima=\dimen109
\caption@indent=\dimen110
\caption@parindent=\dimen111
\caption@hangindent=\dimen112
)
\c@ContinuedFloat=\count89
)
(/usr/share/texlive/texmf-dist/tex/latex/wrapfig/wrapfig.sty
\wrapoverhang=\dimen113
\WF@size=\dimen114
\c@WF@wrappedlines=\count90
\WF@box=\box26
\WF@everypar=\toks17
Package: wrapfig 2003/01/31  v 3.6
)
(/usr/share/texlive/texmf-dist/tex/latex/amsmath/amsmath.sty
Package: amsmath 2016/03/03 v2.15a AMS math features
\@mathmargin=\skip43

For additional information on amsmath, use the `?' option.
(/usr/share/texlive/texmf-dist/tex/latex/amsmath/amstext.sty
Package: amstext 2000/06/29 v2.01 AMS text

(/usr/share/texlive/texmf-dist/tex/latex/amsmath/amsgen.sty
File: amsgen.sty 1999/11/30 v2.0 generic functions
\@emptytoks=\toks18
\ex@=\dimen115
))
(/usr/share/texlive/texmf-dist/tex/latex/amsmath/amsbsy.sty
Package: amsbsy 1999/11/29 v1.2d Bold Symbols
\pmbraise@=\dimen116
)
(/usr/share/texlive/texmf-dist/tex/latex/amsmath/amsopn.sty
Package: amsopn 1999/12/14 v2.01 operator names
)
\inf@bad=\count91
LaTeX Info: Redefining \frac on input line 199.
\uproot@=\count92
\leftroot@=\count93
LaTeX Info: Redefining \overline on input line 297.
\classnum@=\count94
\DOTSCASE@=\count95
LaTeX Info: Redefining \ldots on input line 394.
LaTeX Info: Redefining \dots on input line 397.
LaTeX Info: Redefining \cdots on input line 518.
\Mathstrutbox@=\box27
\strutbox@=\box28
\big@size=\dimen117
LaTeX Font Info:    Redeclaring font encoding OML on input line 630.
LaTeX Font Info:    Redeclaring font encoding OMS on input line 631.
\macc@depth=\count96
\c@MaxMatrixCols=\count97
\dotsspace@=\muskip10
\c@parentequation=\count98
\dspbrk@lvl=\count99
\tag@help=\toks19
\row@=\count100
\column@=\count101
\maxfields@=\count102
\andhelp@=\toks20
\eqnshift@=\dimen118
\alignsep@=\dimen119
\tagshift@=\dimen120
\tagwidth@=\dimen121
\totwidth@=\dimen122
\lineht@=\dimen123
\@envbody=\toks21
\multlinegap=\skip44
\multlinetaggap=\skip45
\mathdisplay@stack=\toks22
LaTeX Info: Redefining \[ on input line 2735.
LaTeX Info: Redefining \] on input line 2736.
)
(/home/sfg/Work/TeX/paper-cp1251/gensymb.sty
Package: gensymb 2003/07/02 v1.0 (WaS)
)
(/usr/share/texlive/texmf-dist/tex/generic/epsf/epsf.sty
This is `epsf.tex' v2.7.4 <14 February 2011>
\epsffilein=\read1
\epsfframemargin=\dimen124
\epsfframethickness=\dimen125
\epsfrsize=\dimen126
\epsftmp=\dimen127
\epsftsize=\dimen128
\epsfxsize=\dimen129
\epsfysize=\dimen130
\pspoints=\dimen131
) (/home/sfg/Work/TeX/paper-cp1251/pazh.sty
No file art12.sty.
\c@cureqno=\count103
) (/home/sfg/Work/TeX/paper-cp1251/paper-fig-cp1251.aux
LaTeX Font Info:    Try loading font information for T2A+cmr on input line 3.

(/usr/share/texlive/texmf-dist/tex/latex/cyrillic/t2acmr.fd
File: t2acmr.fd 2001/08/11 v1.0a Computer Modern Cyrillic font definitions
))
\openout1 = `paper-fig-cp1251.aux'.

LaTeX Font Info:    Checking defaults for OML/cmm/m/it on input line 52.
LaTeX Font Info:    ... okay on input line 52.
LaTeX Font Info:    Checking defaults for T1/cmr/m/n on input line 52.
LaTeX Font Info:    ... okay on input line 52.
LaTeX Font Info:    Checking defaults for OT1/cmr/m/n on input line 52.
LaTeX Font Info:    ... okay on input line 52.
LaTeX Font Info:    Checking defaults for OMS/cmsy/m/n on input line 52.
LaTeX Font Info:    ... okay on input line 52.
LaTeX Font Info:    Checking defaults for OMX/cmex/m/n on input line 52.
LaTeX Font Info:    ... okay on input line 52.
LaTeX Font Info:    Checking defaults for U/cmr/m/n on input line 52.
LaTeX Font Info:    ... okay on input line 52.
LaTeX Font Info:    Checking defaults for T2A/cmr/m/n on input line 52.
LaTeX Font Info:    ... okay on input line 52.

(/usr/share/texlive/texmf-dist/tex/context/base/supp-pdf.mkii
[Loading MPS to PDF converter (version 2006.09.02).]
\scratchcounter=\count104
\scratchdimen=\dimen132
\scratchbox=\box29
\nofMPsegments=\count105
\nofMParguments=\count106
\everyMPshowfont=\toks23
\MPscratchCnt=\count107
\MPscratchDim=\dimen133
\MPnumerator=\count108
\makeMPintoPDFobject=\count109
\everyMPtoPDFconversion=\toks24
) (/usr/share/texlive/texmf-dist/tex/generic/oberdiek/pdftexcmds.sty
Package: pdftexcmds 2011/11/29 v0.20 Utility functions of pdfTeX for LuaTeX (HO
)

(/usr/share/texlive/texmf-dist/tex/generic/oberdiek/ifluatex.sty
Package: ifluatex 2010/03/01 v1.3 Provides the ifluatex switch (HO)
Package ifluatex Info: LuaTeX not detected.
)
(/usr/share/texlive/texmf-dist/tex/generic/oberdiek/ifpdf.sty
Package: ifpdf 2011/01/30 v2.3 Provides the ifpdf switch (HO)
Package ifpdf Info: pdfTeX in PDF mode is detected.
)
Package pdftexcmds Info: LuaTeX not detected.
Package pdftexcmds Info: \pdf@primitive is available.
Package pdftexcmds Info: \pdf@ifprimitive is available.
Package pdftexcmds Info: \pdfdraftmode found.
)
(/usr/share/texlive/texmf-dist/tex/latex/oberdiek/epstopdf-base.sty
Package: epstopdf-base 2010/02/09 v2.5 Base part for package epstopdf

(/usr/share/texlive/texmf-dist/tex/latex/oberdiek/grfext.sty
Package: grfext 2010/08/19 v1.1 Manage graphics extensions (HO)

(/usr/share/texlive/texmf-dist/tex/generic/oberdiek/kvdefinekeys.sty
Package: kvdefinekeys 2011/04/07 v1.3 Define keys (HO)
))
(/usr/share/texlive/texmf-dist/tex/latex/oberdiek/kvoptions.sty
Package: kvoptions 2011/06/30 v3.11 Key value format for package options (HO)

(/usr/share/texlive/texmf-dist/tex/generic/oberdiek/kvsetkeys.sty
Package: kvsetkeys 2012/04/25 v1.16 Key value parser (HO)

(/usr/share/texlive/texmf-dist/tex/generic/oberdiek/etexcmds.sty
Package: etexcmds 2011/02/16 v1.5 Avoid name clashes with e-TeX commands (HO)
Package etexcmds Info: Could not find \expanded.
(etexcmds)             That can mean that you are not using pdfTeX 1.50 or
(etexcmds)             that some package has redefined \expanded.
(etexcmds)             In the latter case, load this package earlier.
)))
Package grfext Info: Graphics extension search list:
(grfext)             [.png,.pdf,.jpg,.mps,.jpeg,.jbig2,.jb2,.PNG,.PDF,.JPG,.JPE
G,.JBIG2,.JB2,.eps]
(grfext)             \AppendGraphicsExtensions on input line 452.

(/usr/share/texlive/texmf-dist/tex/latex/latexconfig/epstopdf-sys.cfg
File: epstopdf-sys.cfg 2010/07/13 v1.3 Configuration of (r)epstopdf for TeX Liv
e
))
Package caption Info: Begin \AtBeginDocument code.
Package caption Info: wrapfig package is loaded.
Package caption Info: End \AtBeginDocument code.
LaTeX Info: Redefining \celsius on input line 52.
Package gensymb Info: Faking symbols for \degree and \celsius on input line 52.



Package gensymb Warning: Not defining \perthousand.

LaTeX Info: Redefining \ohm on input line 52.
Package gensymb Info: Using \Omega for \ohm on input line 52.

Package gensymb Warning: Not defining \micro.

LaTeX Font Info:    Try loading font information for OMS+cmr on input line 57.
(/usr/share/texlive/texmf-dist/tex/latex/base/omscmr.fd
File: omscmr.fd 2014/09/29 v2.5h Standard LaTeX font definitions
)
LaTeX Font Info:    Font shape `OMS/cmr/bx/n' in size <10> not available
(Font)              Font shape `OMS/cmsy/b/n' tried instead on input line 57.
 [1

{/var/lib/texmf/fonts/map/pdftex/updmap/pdftex.map}] [2] [3] [4] [5]
Package epstopdf Info: Source file: <images/surf.eps>
(epstopdf)                    date: 2019-02-04 18:21:07
(epstopdf)                    size: 2055077 bytes
(epstopdf)             Output file: <images/surf-eps-converted-to.pdf>
(epstopdf)                    date: 2019-02-18 11:48:16
(epstopdf)                    size: 248310 bytes
(epstopdf)             Command: <repstopdf --outfile=images/surf-eps-converted-
to.pdf images/surf.eps>
(epstopdf)             \includegraphics on input line 282.
Package epstopdf Info: Output file is already uptodate.


pdfTeX warning: pdflatex (file /home/sfg/Work/TeX/paper-cp1251/images/surf-eps-
converted-to.pdf): PDF inclusion: found PDF version <1.7>, but at most version 
<1.5> allowed
<images/surf-eps-converted-to.pdf, id=31, 433.62pt x 289.08pt>
File: images/surf-eps-converted-to.pdf Graphic file (type pdf)

<use images/surf-eps-converted-to.pdf>
Package pdftex.def Info: images/surf-eps-converted-to.pdf used on input line 28
2.
(pdftex.def)             Requested size: 367.13333pt x 244.76637pt.
 [6 </home/sfg/Work/TeX/paper-cp1251/images/surf-eps-converted-to.pdf>]
Package epstopdf Info: Source file: <images/non-loc.eps>
(epstopdf)                    date: 2019-02-04 18:21:07
(epstopdf)                    size: 34135 bytes
(epstopdf)             Output file: <images/non-loc-eps-converted-to.pdf>
(epstopdf)                    date: 2019-02-18 11:48:16
(epstopdf)                    size: 15074 bytes
(epstopdf)             Command: <repstopdf --outfile=images/non-loc-eps-convert
ed-to.pdf images/non-loc.eps>
(epstopdf)             \includegraphics on input line 338.
Package epstopdf Info: Output file is already uptodate.


pdfTeX warning: pdflatex (file /home/sfg/Work/TeX/paper-cp1251/images/non-loc-e
ps-converted-to.pdf): PDF inclusion: found PDF version <1.7>, but at most versi
on <1.5> allowed
<images/non-loc-eps-converted-to.pdf, id=41, 361.35pt x 216.81pt>
File: images/non-loc-eps-converted-to.pdf Graphic file (type pdf)

<use images/non-loc-eps-converted-to.pdf>
Package pdftex.def Info: images/non-loc-eps-converted-to.pdf used on input line
 338.
(pdftex.def)             Requested size: 321.23904pt x 192.74524pt.
 [7 </home/sfg/Work/TeX/paper-cp1251/images/non-loc-eps-converted-to.pdf>] [8] 
[9] [10]
Package epstopdf Info: Source file: <images/hotspot-area.eps>
(epstopdf)                    date: 2019-02-04 18:21:07
(epstopdf)                    size: 24839 bytes
(epstopdf)             Output file: <images/hotspot-area-eps-converted-to.pdf>
(epstopdf)                    date: 2019-02-18 11:48:16
(epstopdf)                    size: 11882 bytes
(epstopdf)             Command: <repstopdf --outfile=images/hotspot-area-eps-co
nverted-to.pdf images/hotspot-area.eps>
(epstopdf)             \includegraphics on input line 565.
Package epstopdf Info: Output file is already uptodate.


pdfTeX warning: pdflatex (file /home/sfg/Work/TeX/paper-cp1251/images/hotspot-a
rea-eps-converted-to.pdf): PDF inclusion: found PDF version <1.7>, but at most 
version <1.5> allowed
<images/hotspot-area-eps-converted-to.pdf, id=72, 361.35pt x 216.81pt>
File: images/hotspot-area-eps-converted-to.pdf Graphic file (type pdf)

<use images/hotspot-area-eps-converted-to.pdf>
Package pdftex.def Info: images/hotspot-area-eps-converted-to.pdf used on input
 line 565.
(pdftex.def)             Requested size: 321.23904pt x 192.74524pt.
Package epstopdf Info: Source file: <images/hotspot-flux.eps>
(epstopdf)                    date: 2019-02-04 18:21:07
(epstopdf)                    size: 25272 bytes
(epstopdf)             Output file: <images/hotspot-flux-eps-converted-to.pdf>
(epstopdf)                    date: 2019-02-18 11:48:17
(epstopdf)                    size: 11988 bytes
(epstopdf)             Command: <repstopdf --outfile=images/hotspot-flux-eps-co
nverted-to.pdf images/hotspot-flux.eps>
(epstopdf)             \includegraphics on input line 572.
Package epstopdf Info: Output file is already uptodate.


pdfTeX warning: pdflatex (file /home/sfg/Work/TeX/paper-cp1251/images/hotspot-f
lux-eps-converted-to.pdf): PDF inclusion: found PDF version <1.7>, but at most 
version <1.5> allowed
<images/hotspot-flux-eps-converted-to.pdf, id=73, 361.35pt x 216.81pt>
File: images/hotspot-flux-eps-converted-to.pdf Graphic file (type pdf)

<use images/hotspot-flux-eps-converted-to.pdf>
Package pdftex.def Info: images/hotspot-flux-eps-converted-to.pdf used on input
 line 572.
(pdftex.def)             Requested size: 321.23904pt x 192.74524pt.


LaTeX Warning: `!h' float specifier changed to `!ht'.

[11 </home/sfg/Work/TeX/paper-cp1251/images/hotspot-area-eps-converted-to.pdf>]

Overfull \hbox (9.37271pt too wide) in paragraph at lines 604--639
 [][] 
 []

Package epstopdf Info: Source file: <images/grid.eps>
(epstopdf)                    date: 2019-02-04 18:21:07
(epstopdf)                    size: 49624 bytes
(epstopdf)             Output file: <images/grid-eps-converted-to.pdf>
(epstopdf)                    date: 2019-02-18 11:48:17
(epstopdf)                    size: 14419 bytes
(epstopdf)             Command: <repstopdf --outfile=images/grid-eps-converted-
to.pdf images/grid.eps>
(epstopdf)             \includegraphics on input line 650.
Package epstopdf Info: Output file is already uptodate.


pdfTeX warning: pdflatex (file /home/sfg/Work/TeX/paper-cp1251/images/grid-eps-
converted-to.pdf): PDF inclusion: found PDF version <1.7>, but at most version 
<1.5> allowed
<images/grid-eps-converted-to.pdf, id=87, 361.35pt x 216.81pt>
File: images/grid-eps-converted-to.pdf Graphic file (type pdf)

<use images/grid-eps-converted-to.pdf>
Package pdftex.def Info: images/grid-eps-converted-to.pdf used on input line 65
0.
(pdftex.def)             Requested size: 367.13333pt x 220.28311pt.


LaTeX Warning: `!h' float specifier changed to `!ht'.

[12 </home/sfg/Work/TeX/paper-cp1251/images/hotspot-flux-eps-converted-to.pdf>]
[13 </home/sfg/Work/TeX/paper-cp1251/images/grid-eps-converted-to.pdf>]
Package epstopdf Info: Source file: <images/T_e.eps>
(epstopdf)                    date: 2019-02-04 18:21:07
(epstopdf)                    size: 26681 bytes
(epstopdf)             Output file: <images/T_e-eps-converted-to.pdf>
(epstopdf)                    date: 2019-02-18 11:48:17
(epstopdf)                    size: 10029 bytes
(epstopdf)             Command: <repstopdf --outfile=images/T_e-eps-converted-t
o.pdf images/T_e.eps>
(epstopdf)             \includegraphics on input line 673.
Package epstopdf Info: Output file is already uptodate.


pdfTeX warning: pdflatex (file /home/sfg/Work/TeX/paper-cp1251/images/T_e-eps-c
onverted-to.pdf): PDF inclusion: found PDF version <1.7>, but at most version <
1.5> allowed
<images/T_e-eps-converted-to.pdf, id=113, 361.35pt x 216.81pt>
File: images/T_e-eps-converted-to.pdf Graphic file (type pdf)

<use images/T_e-eps-converted-to.pdf>
Package pdftex.def Info: images/T_e-eps-converted-to.pdf used on input line 673
.
(pdftex.def)             Requested size: 367.13333pt x 220.28311pt.
Package epstopdf Info: Source file: <images/N_e.eps>
(epstopdf)                    date: 2019-02-04 18:21:07
(epstopdf)                    size: 28603 bytes
(epstopdf)             Output file: <images/N_e-eps-converted-to.pdf>
(epstopdf)                    date: 2019-02-18 11:48:18
(epstopdf)                    size: 11313 bytes
(epstopdf)             Command: <repstopdf --outfile=images/N_e-eps-converted-t
o.pdf images/N_e.eps>
(epstopdf)             \includegraphics on input line 674.
Package epstopdf Info: Output file is already uptodate.


pdfTeX warning: pdflatex (file /home/sfg/Work/TeX/paper-cp1251/images/N_e-eps-c
onverted-to.pdf): PDF inclusion: found PDF version <1.7>, but at most version <
1.5> allowed
<images/N_e-eps-converted-to.pdf, id=114, 361.35pt x 216.81pt>
File: images/N_e-eps-converted-to.pdf Graphic file (type pdf)

<use images/N_e-eps-converted-to.pdf>
Package pdftex.def Info: images/N_e-eps-converted-to.pdf used on input line 674
.
(pdftex.def)             Requested size: 367.13333pt x 220.28311pt.
Package epstopdf Info: Source file: <images/N1.eps>
(epstopdf)                    date: 2019-02-04 18:21:07
(epstopdf)                    size: 27323 bytes
(epstopdf)             Output file: <images/N1-eps-converted-to.pdf>
(epstopdf)                    date: 2019-02-18 11:48:18
(epstopdf)                    size: 10374 bytes
(epstopdf)             Command: <repstopdf --outfile=images/N1-eps-converted-to
.pdf images/N1.eps>
(epstopdf)             \includegraphics on input line 685.
Package epstopdf Info: Output file is already uptodate.


pdfTeX warning: pdflatex (file /home/sfg/Work/TeX/paper-cp1251/images/N1-eps-co
nverted-to.pdf): PDF inclusion: found PDF version <1.7>, but at most version <1
.5> allowed
<images/N1-eps-converted-to.pdf, id=115, 361.35pt x 216.81pt>
File: images/N1-eps-converted-to.pdf Graphic file (type pdf)

<use images/N1-eps-converted-to.pdf>
Package pdftex.def Info: images/N1-eps-converted-to.pdf used on input line 685.

(pdftex.def)             Requested size: 367.13333pt x 220.28311pt.
Package epstopdf Info: Source file: <images/N2.eps>
(epstopdf)                    date: 2019-02-04 18:21:07
(epstopdf)                    size: 27646 bytes
(epstopdf)             Output file: <images/N2-eps-converted-to.pdf>
(epstopdf)                    date: 2019-02-18 11:48:18
(epstopdf)                    size: 10485 bytes
(epstopdf)             Command: <repstopdf --outfile=images/N2-eps-converted-to
.pdf images/N2.eps>
(epstopdf)             \includegraphics on input line 686.
Package epstopdf Info: Output file is already uptodate.


pdfTeX warning: pdflatex (file /home/sfg/Work/TeX/paper-cp1251/images/N2-eps-co
nverted-to.pdf): PDF inclusion: found PDF version <1.7>, but at most version <1
.5> allowed
<images/N2-eps-converted-to.pdf, id=116, 361.35pt x 216.81pt>
File: images/N2-eps-converted-to.pdf Graphic file (type pdf)

<use images/N2-eps-converted-to.pdf>
Package pdftex.def Info: images/N2-eps-converted-to.pdf used on input line 686.

(pdftex.def)             Requested size: 367.13333pt x 220.28311pt.


LaTeX Warning: `!h' float specifier changed to `!ht'.

Package epstopdf Info: Source file: <images/hotspot75_5_Ha.eps>
(epstopdf)                    date: 2019-02-04 18:21:07
(epstopdf)                    size: 247001 bytes
(epstopdf)             Output file: <images/hotspot75_5_Ha-eps-converted-to.pdf
>
(epstopdf)                    date: 2019-02-18 11:48:19
(epstopdf)                    size: 58707 bytes
(epstopdf)             Command: <repstopdf --outfile=images/hotspot75_5_Ha-eps-
converted-to.pdf images/hotspot75_5_Ha.eps>
(epstopdf)             \includegraphics on input line 716.
Package epstopdf Info: Output file is already uptodate.


pdfTeX warning: pdflatex (file /home/sfg/Work/TeX/paper-cp1251/images/hotspot75
_5_Ha-eps-converted-to.pdf): PDF inclusion: found PDF version <1.7>, but at mos
t version <1.5> allowed
<images/hotspot75_5_Ha-eps-converted-to.pdf, id=117, 361.35pt x 361.35pt>
File: images/hotspot75_5_Ha-eps-converted-to.pdf Graphic file (type pdf)

<use images/hotspot75_5_Ha-eps-converted-to.pdf>
Package pdftex.def Info: images/hotspot75_5_Ha-eps-converted-to.pdf used on inp
ut line 716.
(pdftex.def)             Requested size: 458.91493pt x 458.92044pt.
Package epstopdf Info: Source file: <images/hotspot75_5_Hb.eps>
(epstopdf)                    date: 2019-02-04 18:21:07
(epstopdf)                    size: 219161 bytes
(epstopdf)             Output file: <images/hotspot75_5_Hb-eps-converted-to.pdf
>
(epstopdf)                    date: 2019-02-18 11:48:19
(epstopdf)                    size: 49732 bytes
(epstopdf)             Command: <repstopdf --outfile=images/hotspot75_5_Hb-eps-
converted-to.pdf images/hotspot75_5_Hb.eps>
(epstopdf)             \includegraphics on input line 728.
Package epstopdf Info: Output file is already uptodate.


pdfTeX warning: pdflatex (file /home/sfg/Work/TeX/paper-cp1251/images/hotspot75
_5_Hb-eps-converted-to.pdf): PDF inclusion: found PDF version <1.7>, but at mos
t version <1.5> allowed
<images/hotspot75_5_Hb-eps-converted-to.pdf, id=118, 361.35pt x 361.35pt>
File: images/hotspot75_5_Hb-eps-converted-to.pdf Graphic file (type pdf)

<use images/hotspot75_5_Hb-eps-converted-to.pdf>
Package pdftex.def Info: images/hotspot75_5_Hb-eps-converted-to.pdf used on inp
ut line 728.
(pdftex.def)             Requested size: 458.91493pt x 458.92044pt.
 [14

 </home/sfg/Work/TeX/paper-cp1251/images/T_e-eps-converted-to.pdf> </home/sfg/W
ork/TeX/paper-cp1251/images/N_e-eps-converted-to.pdf>]

LaTeX Warning: `h' float specifier changed to `ht'.


LaTeX Warning: `h' float specifier changed to `ht'.

Package epstopdf Info: Source file: <images/hart94_72_75_hot5000l_Ha_rot.eps>
(epstopdf)                    date: 2019-02-04 18:21:07
(epstopdf)                    size: 231603 bytes
(epstopdf)             Output file: <images/hart94_72_75_hot5000l_Ha_rot-eps-co
nverted-to.pdf>
(epstopdf)                    date: 2019-02-18 11:48:20
(epstopdf)                    size: 53342 bytes
(epstopdf)             Command: <repstopdf --outfile=images/hart94_72_75_hot500
0l_Ha_rot-eps-converted-to.pdf images/hart94_72_75_hot5000l_Ha_rot.eps>
(epstopdf)             \includegraphics on input line 756.
Package epstopdf Info: Output file is already uptodate.


pdfTeX warning: pdflatex (file /home/sfg/Work/TeX/paper-cp1251/images/hart94_72
_75_hot5000l_Ha_rot-eps-converted-to.pdf): PDF inclusion: found PDF version <1.
7>, but at most version <1.5> allowed

<images/hart94_72_75_hot5000l_Ha_rot-eps-converted-to.pdf, id=142, 650.43pt x 2
89.08pt>
File: images/hart94_72_75_hot5000l_Ha_rot-eps-converted-to.pdf Graphic file (ty
pe pdf)
 <use images/hart94_72_75_hot5000l_Ha_rot-eps-converted-to.pdf>
Package pdftex.def Info: images/hart94_72_75_hot5000l_Ha_rot-eps-converted-to.p
df used on input line 756.
(pdftex.def)             Requested size: 458.91493pt x 203.96904pt.
Package epstopdf Info: Source file: <images/hart94_72_75_hot5000l_Hb_rot.eps>
(epstopdf)                    date: 2019-02-04 18:21:07
(epstopdf)                    size: 183559 bytes
(epstopdf)             Output file: <images/hart94_72_75_hot5000l_Hb_rot-eps-co
nverted-to.pdf>
(epstopdf)                    date: 2019-02-18 11:48:20
(epstopdf)                    size: 43856 bytes
(epstopdf)             Command: <repstopdf --outfile=images/hart94_72_75_hot500
0l_Hb_rot-eps-converted-to.pdf images/hart94_72_75_hot5000l_Hb_rot.eps>
(epstopdf)             \includegraphics on input line 770.
Package epstopdf Info: Output file is already uptodate.


pdfTeX warning: pdflatex (file /home/sfg/Work/TeX/paper-cp1251/images/hart94_72
_75_hot5000l_Hb_rot-eps-converted-to.pdf): PDF inclusion: found PDF version <1.
7>, but at most version <1.5> allowed

<images/hart94_72_75_hot5000l_Hb_rot-eps-converted-to.pdf, id=143, 650.43pt x 2
89.08pt>
File: images/hart94_72_75_hot5000l_Hb_rot-eps-converted-to.pdf Graphic file (ty
pe pdf)
 <use images/hart94_72_75_hot5000l_Hb_rot-eps-converted-to.pdf>
Package pdftex.def Info: images/hart94_72_75_hot5000l_Hb_rot-eps-converted-to.p
df used on input line 770.
(pdftex.def)             Requested size: 458.91493pt x 203.96904pt.

[15 </home/sfg/Work/TeX/paper-cp1251/images/N1-eps-converted-to.pdf> </home/sfg
/Work/TeX/paper-cp1251/images/N2-eps-converted-to.pdf>]

LaTeX Warning: `h' float specifier changed to `ht'.


LaTeX Warning: `h' float specifier changed to `ht'.

[16] [17 </home/sfg/Work/TeX/paper-cp1251/images/hotspot75_5_Ha-eps-converted-t
o.pdf>] [18 </home/sfg/Work/TeX/paper-cp1251/images/hotspot75_5_Hb-eps-converte
d-to.pdf>] [19 </home/sfg/Work/TeX/paper-cp1251/images/hart94_72_75_hot5000l_Ha
_rot-eps-converted-to.pdf> </home/sfg/Work/TeX/paper-cp1251/images/hart94_72_75
_hot5000l_Hb_rot-eps-converted-to.pdf>] [20

]
Overfull \hbox (15.2264pt too wide) in paragraph at lines 821--822
[][] \T2A/cmr/m/it/10 Ален-кар и др. \T2A/cmr/m/n/10 (S.H.P. Alencar, P.S. Teix
eira, M.M. Guimaraes et al.), Astron. Astrophys. \T2A/cmr/bx/n/10 519\T2A/cmr/m
/n/10 , A88 (2010) 
 []


Overfull \hbox (11.52663pt too wide) in paragraph at lines 873--875
[][] \T2A/cmr/m/it/10 Там-бов-це-ва, Гри-нин \T2A/cmr/m/n/10 (L.V. Tambovtseva,
 V.P. Grinin, G. Weigelt), Astron. Astrophys. \T2A/cmr/bx/n/10 562\T2A/cmr/m/n/
10 , A104 (2014) 
 []

[21


] (/home/sfg/Work/TeX/paper-cp1251/paper-fig-cp1251.aux) ) 
Here is how much of TeX's memory you used:
 4517 strings out of 493029
 65514 string characters out of 6136235
 139495 words of memory out of 5000000
 7978 multiletter control sequences out of 15000+600000
 10069 words of font info for 24 fonts, out of 8000000 for 9000
 1141 hyphenation exceptions out of 8191
 38i,12n,39p,4071b,317s stack positions out of 5000i,500n,10000p,200000b,80000s
{/usr/share/texmf/fon
ts/enc/dvips/cm-super/cm-super-t2a.enc}</usr/share/texlive/texmf-dist/fonts/typ
e1/public/amsfonts/cm/cmbsy10.pfb></usr/share/texlive/texmf-dist/fonts/type1/pu
blic/amsfonts/cm/cmex10.pfb></usr/share/texlive/texmf-dist/fonts/type1/public/a
msfonts/cm/cmmi10.pfb></usr/share/texlive/texmf-dist/fonts/type1/public/amsfont
s/cm/cmmi5.pfb></usr/share/texlive/texmf-dist/fonts/type1/public/amsfonts/cm/cm
mi7.pfb></usr/share/texlive/texmf-dist/fonts/type1/public/amsfonts/cm/cmr10.pfb
></usr/share/texlive/texmf-dist/fonts/type1/public/amsfonts/cm/cmr5.pfb></usr/s
hare/texlive/texmf-dist/fonts/type1/public/amsfonts/cm/cmr7.pfb></usr/share/tex
live/texmf-dist/fonts/type1/public/amsfonts/cm/cmsy10.pfb></usr/share/texlive/t
exmf-dist/fonts/type1/public/amsfonts/cm/cmsy7.pfb></usr/share/texmf/fonts/type
1/public/cm-super/sfbx1000.pfb></usr/share/texmf/fonts/type1/public/cm-super/sf
bx1200.pfb></usr/share/texmf/fonts/type1/public/cm-super/sfrm0700.pfb></usr/sha
re/texmf/fonts/type1/public/cm-super/sfrm1000.pfb></usr/share/texmf/fonts/type1
/public/cm-super/sfti1000.pfb>
Output written on /home/sfg/Work/TeX/paper-cp1251/paper-fig-cp1251.pdf (21 page
s, 813938 bytes).
PDF statistics:
 282 PDF objects out of 1000 (max. 8388607)
 171 compressed objects within 2 object streams
 0 named destinations out of 1000 (max. 500000)
 66 words of extra memory for PDF output out of 10000 (max. 10000000)

